<?xml version="1.0" encoding="UTF-8"?>
<!-- Generated by org.testng.reporters.JUnitReportReporter -->
<testsuite hostname="Preetinders-Air" failures="0" tests="5" name="com.gmail.qa.testcases.HomePageTest" time="226.495" errors="0" timestamp="2023-07-30T14:47:17 EDT" skipped="0">
  <testcase classname="com.gmail.qa.testcases.HomePageTest" name="verifyHomePageTitleTest" time="28.890"/>
  <system-out/>
  <testcase classname="com.gmail.qa.testcases.HomePageTest" name="verifyWelcomeLabelTest" time="48.959"/>
  <system-out/>
  <testcase classname="com.gmail.qa.testcases.HomePageTest" name="verifySecurityLinkTest" time="48.829"/>
  <system-out/>
  <testcase classname="com.gmail.qa.testcases.HomePageTest" name="verifyPeoplesharingLinkTest" time="50.540"/>
  <system-out/>
  <testcase classname="com.gmail.qa.testcases.HomePageTest" name="verifyPersonalinfoPageLinkTest" time="49.277"/>
  <system-out/>
</testsuite> <!-- com.gmail.qa.testcases.HomePageTest -->
