<?xml version="1.0" encoding="UTF-8"?>
<!-- Generated by org.testng.reporters.JUnitReportReporter -->
<testsuite hostname="Preetinders-Air" failures="0" tests="2" name="com.gmail.qa.testcases.LoginPageTest" time="44.854" errors="0" timestamp="2023-07-30T14:47:17 EDT" skipped="0">
  <testcase classname="com.gmail.qa.testcases.LoginPageTest" name="loginPageTitleTest" time="15.668"/>
  <system-out/>
  <testcase classname="com.gmail.qa.testcases.LoginPageTest" name="loginTest" time="29.186"/>
  <system-out/>
</testsuite> <!-- com.gmail.qa.testcases.LoginPageTest -->
