<?xml version="1.0" encoding="UTF-8"?>
<!-- Generated by org.testng.reporters.JUnitReportReporter -->
<testsuite hostname="Preetinders-Air" failures="0" tests="1" name="com.gmail.qa.testcases.SecurityPageTest" time="54.521" errors="0" timestamp="2023-07-30T14:47:17 EDT" skipped="0">
  <testcase classname="com.gmail.qa.testcases.SecurityPageTest" name="verifySecurityPageTitleTest" time="54.521"/>
  <system-out/>
</testsuite> <!-- com.gmail.qa.testcases.SecurityPageTest -->
