<?xml version="1.0" encoding="UTF-8"?>
<!-- Generated by org.testng.reporters.JUnitReportReporter -->
<testsuite hostname="Preetinders-Air" failures="0" tests="2" name="com.gmail.qa.testcases.LoginTest" time="58.331" errors="0" timestamp="2023-05-29T16:06:26 EDT" skipped="0">
  <testcase classname="com.gmail.qa.testcases.LoginTest" name="loginPageTitleTest" time="25.497"/>
  <system-out/>
  <testcase classname="com.gmail.qa.testcases.LoginTest" name="loginTest" time="32.834"/>
  <system-out/>
</testsuite> <!-- com.gmail.qa.testcases.LoginTest -->
