<?xml version="1.0" encoding="UTF-8"?>
<!-- Generated by org.testng.reporters.JUnitReportReporter -->
<testsuite hostname="Preetinders-Air" failures="0" tests="2" name="com.gmail.qa.testcases.LoginPageTest" time="43.628" errors="0" timestamp="2023-07-30T14:51:43 EDT" skipped="0">
  <testcase classname="com.gmail.qa.testcases.LoginPageTest" name="loginPageTitleTest" time="15.426"/>
  <system-out/>
  <testcase classname="com.gmail.qa.testcases.LoginPageTest" name="loginTest" time="28.202"/>
  <system-out/>
</testsuite> <!-- com.gmail.qa.testcases.LoginPageTest -->
